1   454774
2   454777
3   454778
4   454782
5   454783
6   454784
7   454785
8   454786
9   454789
10  454794
11  454797
12  454798
13  454799
14  454800
15  454802
16  454808
17  454809
18  454810
19  454811
20  454933
21  454934
22  454935
23  454936
24  454937
25  454943
26  454944
27  454945
28  454946
29  454947
30  454948
31  455049
32  455050
33  455051
34  455052
35  455053
36  455056
37  455060
38  455062
39  455063
40  455064
41  455065
42  455066
43  455071
44  455073
45  455074
46  455077
47  455078
48  455080
49  455081
50  455082
51  455083
52  455200
53  455201
54  455202
55  455203
56  455206
57  455207
58  455208
59  455209
60  455211
61  455212
62  455213
63  455218
64  455220
65  455221
66  455222
67  455223
68  455224
69  455302
70  455303
71  455304
72  455306
73  455344
74  455346
75  455351
76  455352
77  455353
78  455355
79  455362
80  455363
81  455364
82  455366
83  455367
84  455446
85  455449
86  455450
87  455451
88  455452
89  455476
90  455477
91  455478
92  455545
93  455547
94  455550
95  455551
96  455552
97  455585
98  455586
99  455587
100 455589
101 455590
102 455592
103 455604
104 455605
105 455637
106 455638
107 455639
