1 456652
2 456653
3 456655
4 456657
5 456659
6 456660
7 456661
8 456664
9 456666
10 456670
11 456671
12 456675
13 456727
14 456728
15 456732
16 456733
17 456736
18 456738
19 456740
20 456744
21 456938
22 456941
23 456943
24 456945
25 456946
26 456948
27 457013
28 457015
29 457016
30 457019
31 457024
32 457025
33 457028
34 457029
35 457031
36 457032
37 457036
38 457037
39 457042
40 457043
41 457044
42 457083
43 457085
44 457099
45 457100
46 457101
47 457103
48 457110
49 457111
50 457115
51 457116
52 457118
53 457121
54 457123
55 457180
56 457182
57 457184
58 457187
59 457188
60 457199
61 457200
62 457201
63 457202
64 457213
65 457214
66 457215
67 457216
68 457217
69 457218
70 457219
71 457220
72 457221
73 457227
74 457264
75 457267
76 457280
77 457281
78 457296
79 457297
80 457298
