1 455792
2 455793
3 455794
4 455795
5 455832
6 455836
7 455837
8 455874
9 455875
10 455876
11 455877
12 455896
13 455897
14 455898
15 455909
16 455910
17 455911
18 455912
19 455914
20 455915
21 455916
22 455917
23 455918
24 455919
25 455950
26 455951
27 455952
28 455953
29 455954
30 455979
31 455980
32 455981
33 455982
34 455983
35 455985
36 455986
37 455987
38 456015
39 456016
40 456017
41 456021
42 456022
43 456023
44 456024
45 456025
46 456083
47 456084
48 456085
49 456086
50 456087
51 456088
52 456089
53 456090
54 456106
55 456107
56 456109
57 456110
58 456111
59 456112
60 456113
61 456141
62 456142
63 456144
64 456145
65 456200
66 456201
67 456203
68 456207
69 456208
70 456209
71 456211
72 456212
73 456213
74 456281
