1 457569
2 457634
3 457635
4 457637
5 457718
6 457719
7 457722
8 457723
9 457749
10 457753
11 457754
12 457755
13 457757
14 457758
15 457759
16 457760
17 457791
18 457792
19 457793
20 457794
21 457797
22 457798
23 457799
24 457832
25 457833
26 457834
27 457835
28 457836
29 457837
30 457838
31 457839
32 457840
33 457841
34 457842
35 457843
36 457847
37 457849
38 457850
39 457851
40 457897
41 457898
42 457899
43 457901
44 457904
45 457905
46 457906
47 457909
48 457910
49 457912
50 457914
51 457915
52 457916
53 457917
54 457919
55 457920
56 457921
57 457922
58 457923
59 457925
60 457929
61 457930
62 457931
63 457932
64 457933
65 457934
66 457935
67 457936
68 457938
69 457939
70 457940
71 457942
72 457943
73 457944
74 457945
75 457946
76 457947
77 457948
78 457949
79 457950
80 457955
81 457956
82 457957
83 457959
84 457960
85 457961
86 457996
87 458007
88 458008
89 458009
90 458011
91 458012
92 458013
93 458014
94 458114
95 458115
96 458118
97 458152
98 458153
99 458154
100 458155
101 458157
102 458158
103 458159
104 458160
105 458161
106 458162
107 458165
108 458166
109 458167
